Determining if the pthread_create exist failed with the following output:
Change Dir: /home/einar/px4_firmware/src/Firmware/Tools/sitl_gazebo/Build/CMakeFiles/CMakeTmp

Run Build Command:"/usr/bin/make" "cmTryCompileExec3617402883/fast"
make[5]: Entering directory `/home/einar/px4_firmware/src/Firmware/Tools/sitl_gazebo/Build/CMakeFiles/CMakeTmp'
/usr/bin/make -f CMakeFiles/cmTryCompileExec3617402883.dir/build.make CMakeFiles/cmTryCompileExec3617402883.dir/build
make[6]: Entering directory `/home/einar/px4_firmware/src/Firmware/Tools/sitl_gazebo/Build/CMakeFiles/CMakeTmp'
/usr/bin/cmake -E cmake_progress_report /home/einar/px4_firmware/src/Firmware/Tools/sitl_gazebo/Build/CMakeFiles/CMakeTmp/CMakeFiles 1
Building C object CMakeFiles/cmTryCompileExec3617402883.dir/CheckSymbolExists.c.o
/usr/bin/cc    -o CMakeFiles/cmTryCompileExec3617402883.dir/CheckSymbolExists.c.o   -c /home/einar/px4_firmware/src/Firmware/Tools/sitl_gazebo/Build/CMakeFiles/CMakeTmp/CheckSymbolExists.c
Linking C executable cmTryCompileExec3617402883
/usr/bin/cmake -E cmake_link_script CMakeFiles/cmTryCompileExec3617402883.dir/link.txt --verbose=1
/usr/bin/cc       CMakeFiles/cmTryCompileExec3617402883.dir/CheckSymbolExists.c.o  -o cmTryCompileExec3617402883 -rdynamic 
CMakeFiles/cmTryCompileExec3617402883.dir/CheckSymbolExists.c.o: In function `main':
CheckSymbolExists.c:(.text+0x16): undefined reference to `pthread_create'
collect2: error: ld returned 1 exit status
make[6]: *** [cmTryCompileExec3617402883] Error 1
make[6]: Leaving directory `/home/einar/px4_firmware/src/Firmware/Tools/sitl_gazebo/Build/CMakeFiles/CMakeTmp'
make[5]: *** [cmTryCompileExec3617402883/fast] Error 2
make[5]: Leaving directory `/home/einar/px4_firmware/src/Firmware/Tools/sitl_gazebo/Build/CMakeFiles/CMakeTmp'

File /home/einar/px4_firmware/src/Firmware/Tools/sitl_gazebo/Build/CMakeFiles/CMakeTmp/CheckSymbolExists.c:
/* */
#include <pthread.h>

int main(int argc, char** argv)
{
  (void)argv;
#ifndef pthread_create
  return ((int*)(&pthread_create))[argc];
#else
  (void)argc;
  return 0;
#endif
}

Determining if the function pthread_create exists in the pthreads failed with the following output:
Change Dir: /home/einar/px4_firmware/src/Firmware/Tools/sitl_gazebo/Build/CMakeFiles/CMakeTmp

Run Build Command:"/usr/bin/make" "cmTryCompileExec885452708/fast"
make[5]: Entering directory `/home/einar/px4_firmware/src/Firmware/Tools/sitl_gazebo/Build/CMakeFiles/CMakeTmp'
/usr/bin/make -f CMakeFiles/cmTryCompileExec885452708.dir/build.make CMakeFiles/cmTryCompileExec885452708.dir/build
make[6]: Entering directory `/home/einar/px4_firmware/src/Firmware/Tools/sitl_gazebo/Build/CMakeFiles/CMakeTmp'
/usr/bin/cmake -E cmake_progress_report /home/einar/px4_firmware/src/Firmware/Tools/sitl_gazebo/Build/CMakeFiles/CMakeTmp/CMakeFiles 1
Building C object CMakeFiles/cmTryCompileExec885452708.dir/CheckFunctionExists.c.o
/usr/bin/cc   -DCHECK_FUNCTION_EXISTS=pthread_create   -o CMakeFiles/cmTryCompileExec885452708.dir/CheckFunctionExists.c.o   -c /usr/share/cmake-3.2/Modules/CheckFunctionExists.c
Linking C executable cmTryCompileExec885452708
/usr/bin/cmake -E cmake_link_script CMakeFiles/cmTryCompileExec885452708.dir/link.txt --verbose=1
/usr/bin/cc   -DCHECK_FUNCTION_EXISTS=pthread_create    CMakeFiles/cmTryCompileExec885452708.dir/CheckFunctionExists.c.o  -o cmTryCompileExec885452708 -rdynamic -lpthreads 
/usr/bin/ld: cannot find -lpthreads
collect2: error: ld returned 1 exit status
make[6]: *** [cmTryCompileExec885452708] Error 1
make[6]: Leaving directory `/home/einar/px4_firmware/src/Firmware/Tools/sitl_gazebo/Build/CMakeFiles/CMakeTmp'
make[5]: *** [cmTryCompileExec885452708/fast] Error 2
make[5]: Leaving directory `/home/einar/px4_firmware/src/Firmware/Tools/sitl_gazebo/Build/CMakeFiles/CMakeTmp'


